[2019-06-27 13:54:26] INFO - FastDFS v5.10, base_path=/home/roger/go/src/MicroServiceDemo04/fastdfs/storage, store_path_count=1, subdir_count_per_path=256, group_name=group1, run_by_group=, run_by_user=, connect_timeout=30s, network_timeout=60s, port=23000, bind_addr=192.168.150.20, client_bind=1, max_connections=256, accept_threads=1, work_threads=4, disk_rw_separated=1, disk_reader_threads=1, disk_writer_threads=1, buff_size=256KB, heart_beat_interval=30s, stat_report_interval=60s, tracker_server_count=1, sync_wait_msec=50ms, sync_interval=0ms, sync_start_time=00:00, sync_end_time=23:59, write_mark_file_freq=500, allow_ip_count=-1, file_distribute_path_mode=0, file_distribute_rotate_count=100, fsync_after_written_bytes=0, sync_log_buff_interval=10s, sync_binlog_buff_interval=10s, sync_stat_file_interval=300s, thread_stack_size=512 KB, upload_priority=10, if_alias_prefix=, check_file_duplicate=0, file_signature_method=hash, FDHT group count=0, FDHT server count=0, FDHT key_namespace=, FDHT keep_alive=0, HTTP server port=8888, domain name=, use_access_log=0, rotate_access_log=0, access_log_rotate_time=00:00, rotate_error_log=0, error_log_rotate_time=00:00, rotate_access_log_size=0, rotate_error_log_size=0, log_file_keep_days=0, file_sync_skip_invalid_record=0, use_connection_pool=0, g_connection_pool_max_idle_time=3600s
data path: /home/roger/go/src/MicroServiceDemo04/fastdfs/storage_data/data, mkdir sub dir...
mkdir data path: 00 ...
mkdir data path: 01 ...
mkdir data path: 02 ...
mkdir data path: 03 ...
mkdir data path: 04 ...
mkdir data path: 05 ...
mkdir data path: 06 ...
mkdir data path: 07 ...
mkdir data path: 08 ...
mkdir data path: 09 ...
mkdir data path: 0A ...
mkdir data path: 0B ...
mkdir data path: 0C ...
mkdir data path: 0D ...
mkdir data path: 0E ...
mkdir data path: 0F ...
mkdir data path: 10 ...
mkdir data path: 11 ...
mkdir data path: 12 ...
mkdir data path: 13 ...
mkdir data path: 14 ...
mkdir data path: 15 ...
mkdir data path: 16 ...
mkdir data path: 17 ...
mkdir data path: 18 ...
mkdir data path: 19 ...
mkdir data path: 1A ...
mkdir data path: 1B ...
mkdir data path: 1C ...
mkdir data path: 1D ...
mkdir data path: 1E ...
mkdir data path: 1F ...
mkdir data path: 20 ...
mkdir data path: 21 ...
mkdir data path: 22 ...
mkdir data path: 23 ...
mkdir data path: 24 ...
mkdir data path: 25 ...
mkdir data path: 26 ...
mkdir data path: 27 ...
mkdir data path: 28 ...
mkdir data path: 29 ...
mkdir data path: 2A ...
mkdir data path: 2B ...
mkdir data path: 2C ...
mkdir data path: 2D ...
mkdir data path: 2E ...
mkdir data path: 2F ...
mkdir data path: 30 ...
mkdir data path: 31 ...
mkdir data path: 32 ...
mkdir data path: 33 ...
mkdir data path: 34 ...
mkdir data path: 35 ...
mkdir data path: 36 ...
mkdir data path: 37 ...
mkdir data path: 38 ...
mkdir data path: 39 ...
mkdir data path: 3A ...
mkdir data path: 3B ...
mkdir data path: 3C ...
mkdir data path: 3D ...
mkdir data path: 3E ...
mkdir data path: 3F ...
mkdir data path: 40 ...
mkdir data path: 41 ...
mkdir data path: 42 ...
mkdir data path: 43 ...
mkdir data path: 44 ...
mkdir data path: 45 ...
mkdir data path: 46 ...
mkdir data path: 47 ...
mkdir data path: 48 ...
mkdir data path: 49 ...
mkdir data path: 4A ...
mkdir data path: 4B ...
mkdir data path: 4C ...
mkdir data path: 4D ...
mkdir data path: 4E ...
mkdir data path: 4F ...
mkdir data path: 50 ...
mkdir data path: 51 ...
mkdir data path: 52 ...
mkdir data path: 53 ...
mkdir data path: 54 ...
mkdir data path: 55 ...
mkdir data path: 56 ...
mkdir data path: 57 ...
mkdir data path: 58 ...
mkdir data path: 59 ...
mkdir data path: 5A ...
mkdir data path: 5B ...
mkdir data path: 5C ...
mkdir data path: 5D ...
mkdir data path: 5E ...
mkdir data path: 5F ...
mkdir data path: 60 ...
mkdir data path: 61 ...
mkdir data path: 62 ...
mkdir data path: 63 ...
mkdir data path: 64 ...
mkdir data path: 65 ...
mkdir data path: 66 ...
mkdir data path: 67 ...
mkdir data path: 68 ...
mkdir data path: 69 ...
mkdir data path: 6A ...
mkdir data path: 6B ...
mkdir data path: 6C ...
mkdir data path: 6D ...
mkdir data path: 6E ...
mkdir data path: 6F ...
mkdir data path: 70 ...
mkdir data path: 71 ...
mkdir data path: 72 ...
mkdir data path: 73 ...
mkdir data path: 74 ...
mkdir data path: 75 ...
mkdir data path: 76 ...
mkdir data path: 77 ...
mkdir data path: 78 ...
mkdir data path: 79 ...
mkdir data path: 7A ...
mkdir data path: 7B ...
mkdir data path: 7C ...
mkdir data path: 7D ...
mkdir data path: 7E ...
mkdir data path: 7F ...
mkdir data path: 80 ...
mkdir data path: 81 ...
mkdir data path: 82 ...
mkdir data path: 83 ...
mkdir data path: 84 ...
mkdir data path: 85 ...
mkdir data path: 86 ...
mkdir data path: 87 ...
mkdir data path: 88 ...
mkdir data path: 89 ...
mkdir data path: 8A ...
mkdir data path: 8B ...
mkdir data path: 8C ...
mkdir data path: 8D ...
mkdir data path: 8E ...
mkdir data path: 8F ...
mkdir data path: 90 ...
mkdir data path: 91 ...
mkdir data path: 92 ...
mkdir data path: 93 ...
mkdir data path: 94 ...
mkdir data path: 95 ...
mkdir data path: 96 ...
mkdir data path: 97 ...
mkdir data path: 98 ...
mkdir data path: 99 ...
mkdir data path: 9A ...
mkdir data path: 9B ...
mkdir data path: 9C ...
mkdir data path: 9D ...
mkdir data path: 9E ...
mkdir data path: 9F ...
mkdir data path: A0 ...
mkdir data path: A1 ...
mkdir data path: A2 ...
mkdir data path: A3 ...
mkdir data path: A4 ...
mkdir data path: A5 ...
mkdir data path: A6 ...
mkdir data path: A7 ...
mkdir data path: A8 ...
mkdir data path: A9 ...
mkdir data path: AA ...
mkdir data path: AB ...
mkdir data path: AC ...
mkdir data path: AD ...
mkdir data path: AE ...
mkdir data path: AF ...
mkdir data path: B0 ...
mkdir data path: B1 ...
mkdir data path: B2 ...
mkdir data path: B3 ...
mkdir data path: B4 ...
mkdir data path: B5 ...
mkdir data path: B6 ...
mkdir data path: B7 ...
mkdir data path: B8 ...
mkdir data path: B9 ...
mkdir data path: BA ...
mkdir data path: BB ...
mkdir data path: BC ...
mkdir data path: BD ...
mkdir data path: BE ...
mkdir data path: BF ...
mkdir data path: C0 ...
mkdir data path: C1 ...
mkdir data path: C2 ...
mkdir data path: C3 ...
mkdir data path: C4 ...
mkdir data path: C5 ...
mkdir data path: C6 ...
mkdir data path: C7 ...
mkdir data path: C8 ...
mkdir data path: C9 ...
mkdir data path: CA ...
mkdir data path: CB ...
mkdir data path: CC ...
mkdir data path: CD ...
mkdir data path: CE ...
mkdir data path: CF ...
mkdir data path: D0 ...
mkdir data path: D1 ...
mkdir data path: D2 ...
mkdir data path: D3 ...
mkdir data path: D4 ...
mkdir data path: D5 ...
mkdir data path: D6 ...
mkdir data path: D7 ...
mkdir data path: D8 ...
mkdir data path: D9 ...
mkdir data path: DA ...
mkdir data path: DB ...
mkdir data path: DC ...
mkdir data path: DD ...
mkdir data path: DE ...
mkdir data path: DF ...
mkdir data path: E0 ...
mkdir data path: E1 ...
mkdir data path: E2 ...
mkdir data path: E3 ...
mkdir data path: E4 ...
mkdir data path: E5 ...
mkdir data path: E6 ...
mkdir data path: E7 ...
mkdir data path: E8 ...
mkdir data path: E9 ...
mkdir data path: EA ...
mkdir data path: EB ...
mkdir data path: EC ...
mkdir data path: ED ...
mkdir data path: EE ...
mkdir data path: EF ...
mkdir data path: F0 ...
mkdir data path: F1 ...
mkdir data path: F2 ...
mkdir data path: F3 ...
mkdir data path: F4 ...
mkdir data path: F5 ...
mkdir data path: F6 ...
mkdir data path: F7 ...
mkdir data path: F8 ...
mkdir data path: F9 ...
mkdir data path: FA ...
mkdir data path: FB ...
mkdir data path: FC ...
mkdir data path: FD ...
mkdir data path: FE ...
mkdir data path: FF ...
data path: /home/roger/go/src/MicroServiceDemo04/fastdfs/storage_data/data, mkdir sub dir done.
[2019-06-27 13:54:29] INFO - file: storage_param_getter.c, line: 191, use_storage_id=0, id_type_in_filename=ip, storage_ip_changed_auto_adjust=1, store_path=0, reserved_storage_space=10.00%, use_trunk_file=0, slot_min_size=256, slot_max_size=16 MB, trunk_file_size=64 MB, trunk_create_file_advance=0, trunk_create_file_time_base=02:00, trunk_create_file_interval=86400, trunk_create_file_space_threshold=20 GB, trunk_init_check_occupying=0, trunk_init_reload_from_binlog=0, trunk_compress_binlog_min_interval=0, store_slave_file_use_link=0
[2019-06-27 13:54:29] INFO - file: storage_func.c, line: 257, tracker_client_ip: 192.168.150.20, my_server_id_str: 192.168.150.20, g_server_id_in_filename: 345417920
[2019-06-27 13:54:29] INFO - file: tracker_client_thread.c, line: 310, successfully connect to tracker server 192.168.150.20:22122, as a tracker client, my ip is 192.168.150.20
[2019-06-27 13:54:59] INFO - file: tracker_client_thread.c, line: 1263, tracker server 192.168.150.20:22122, set tracker leader: 192.168.150.20:22122
[2019-06-27 18:19:13] CRIT - file: fdfs_storaged.c, line: 474, catch signal 15, program exiting...
[2019-06-27 18:19:13] INFO - exit normally.

[2019-06-27 18:19:14] INFO - FastDFS v5.10, base_path=/home/roger/go/src/MicroServiceDemo04/fastdfs/storage, store_path_count=1, subdir_count_per_path=256, group_name=group1, run_by_group=, run_by_user=, connect_timeout=30s, network_timeout=60s, port=23000, bind_addr=192.168.150.20, client_bind=1, max_connections=256, accept_threads=1, work_threads=4, disk_rw_separated=1, disk_reader_threads=1, disk_writer_threads=1, buff_size=256KB, heart_beat_interval=30s, stat_report_interval=60s, tracker_server_count=1, sync_wait_msec=50ms, sync_interval=0ms, sync_start_time=00:00, sync_end_time=23:59, write_mark_file_freq=500, allow_ip_count=-1, file_distribute_path_mode=0, file_distribute_rotate_count=100, fsync_after_written_bytes=0, sync_log_buff_interval=10s, sync_binlog_buff_interval=10s, sync_stat_file_interval=300s, thread_stack_size=512 KB, upload_priority=10, if_alias_prefix=, check_file_duplicate=0, file_signature_method=hash, FDHT group count=0, FDHT server count=0, FDHT key_namespace=, FDHT keep_alive=0, HTTP server port=8888, domain name=, use_access_log=0, rotate_access_log=0, access_log_rotate_time=00:00, rotate_error_log=0, error_log_rotate_time=00:00, rotate_access_log_size=0, rotate_error_log_size=0, log_file_keep_days=0, file_sync_skip_invalid_record=0, use_connection_pool=0, g_connection_pool_max_idle_time=3600s
[2019-06-27 18:19:14] INFO - file: storage_param_getter.c, line: 191, use_storage_id=0, id_type_in_filename=ip, storage_ip_changed_auto_adjust=1, store_path=0, reserved_storage_space=10.00%, use_trunk_file=0, slot_min_size=256, slot_max_size=16 MB, trunk_file_size=64 MB, trunk_create_file_advance=0, trunk_create_file_time_base=02:00, trunk_create_file_interval=86400, trunk_create_file_space_threshold=20 GB, trunk_init_check_occupying=0, trunk_init_reload_from_binlog=0, trunk_compress_binlog_min_interval=0, store_slave_file_use_link=0
[2019-06-27 18:19:14] INFO - file: storage_func.c, line: 257, tracker_client_ip: 192.168.150.20, my_server_id_str: 192.168.150.20, g_server_id_in_filename: 345417920
[2019-06-27 18:19:14] INFO - file: tracker_client_thread.c, line: 310, successfully connect to tracker server 192.168.150.20:22122, as a tracker client, my ip is 192.168.150.20
[2019-06-27 18:19:45] INFO - file: tracker_client_thread.c, line: 1263, tracker server 192.168.150.20:22122, set tracker leader: 192.168.150.20:22122
[2019-06-27 22:43:27] ERROR - file: storage_nio.c, line: 282, client ip: 192.168.150.20, recv timeout, recv offset: 0, expect length: 0
[2019-06-27 22:43:27] ERROR - file: storage_nio.c, line: 282, client ip: 192.168.150.20, recv timeout, recv offset: 0, expect length: 0
[2019-06-27 22:43:27] ERROR - file: storage_nio.c, line: 282, client ip: 192.168.150.20, recv timeout, recv offset: 0, expect length: 0
[2019-06-27 22:43:27] ERROR - file: storage_nio.c, line: 282, client ip: 192.168.150.20, recv timeout, recv offset: 0, expect length: 0
[2019-06-27 22:43:27] ERROR - file: storage_nio.c, line: 282, client ip: 192.168.150.20, recv timeout, recv offset: 0, expect length: 0
[2019-06-27 22:43:27] ERROR - file: storage_nio.c, line: 282, client ip: 192.168.150.20, recv timeout, recv offset: 0, expect length: 0
[2019-06-27 22:43:27] ERROR - file: storage_nio.c, line: 282, client ip: 192.168.150.20, recv timeout, recv offset: 0, expect length: 0
[2019-06-27 22:43:27] ERROR - file: storage_nio.c, line: 282, client ip: 192.168.150.20, recv timeout, recv offset: 0, expect length: 0
[2019-06-27 22:43:27] ERROR - file: storage_nio.c, line: 282, client ip: 192.168.150.20, recv timeout, recv offset: 0, expect length: 0
[2019-06-28 15:55:06] INFO - file: fdfs_storaged.c, line: 526, catch signal 1, rotate log
[2019-06-28 15:55:06] CRIT - file: fdfs_storaged.c, line: 474, catch signal 15, program exiting...
[2019-06-28 15:55:08] INFO - exit normally.

[2019-06-29 11:06:50] INFO - FastDFS v5.10, base_path=/home/roger/go/src/MicroServiceDemo04/fastdfs/storage, store_path_count=1, subdir_count_per_path=256, group_name=group1, run_by_group=, run_by_user=, connect_timeout=30s, network_timeout=60s, port=23000, bind_addr=192.168.150.20, client_bind=1, max_connections=256, accept_threads=1, work_threads=4, disk_rw_separated=1, disk_reader_threads=1, disk_writer_threads=1, buff_size=256KB, heart_beat_interval=30s, stat_report_interval=60s, tracker_server_count=1, sync_wait_msec=50ms, sync_interval=0ms, sync_start_time=00:00, sync_end_time=23:59, write_mark_file_freq=500, allow_ip_count=-1, file_distribute_path_mode=0, file_distribute_rotate_count=100, fsync_after_written_bytes=0, sync_log_buff_interval=10s, sync_binlog_buff_interval=10s, sync_stat_file_interval=300s, thread_stack_size=512 KB, upload_priority=10, if_alias_prefix=, check_file_duplicate=0, file_signature_method=hash, FDHT group count=0, FDHT server count=0, FDHT key_namespace=, FDHT keep_alive=0, HTTP server port=8888, domain name=, use_access_log=0, rotate_access_log=0, access_log_rotate_time=00:00, rotate_error_log=0, error_log_rotate_time=00:00, rotate_access_log_size=0, rotate_error_log_size=0, log_file_keep_days=0, file_sync_skip_invalid_record=0, use_connection_pool=0, g_connection_pool_max_idle_time=3600s
[2019-06-29 11:06:50] ERROR - file: sockopt.c, line: 864, bind port 0 failed, errno: 99, error info: Cannot assign requested address.
[2019-06-29 11:06:58] ERROR - file: sockopt.c, line: 864, bind port 0 failed, errno: 99, error info: Cannot assign requested address.
[2019-06-29 11:07:05] ERROR - file: sockopt.c, line: 864, bind port 0 failed, errno: 99, error info: Cannot assign requested address.
[2019-06-29 11:07:13] ERROR - file: storage_ip_changed_dealer.c, line: 186, connect to tracker server 192.168.150.20:22122 fail, errno: 113, error info: No route to host
[2019-06-29 11:07:13] ERROR - file: sockopt.c, line: 864, bind port 0 failed, errno: 99, error info: Cannot assign requested address.
[2019-06-29 11:07:21] ERROR - file: sockopt.c, line: 864, bind port 0 failed, errno: 99, error info: Cannot assign requested address.
[2019-06-29 11:07:29] ERROR - file: sockopt.c, line: 864, bind port 0 failed, errno: 99, error info: Cannot assign requested address.
[2019-06-29 11:07:38] ERROR - file: storage_ip_changed_dealer.c, line: 186, connect to tracker server 192.168.150.20:22122 fail, errno: 113, error info: No route to host
[2019-06-29 11:07:38] ERROR - file: sockopt.c, line: 864, bind port 0 failed, errno: 99, error info: Cannot assign requested address.
[2019-06-29 11:07:46] ERROR - file: sockopt.c, line: 864, bind port 0 failed, errno: 99, error info: Cannot assign requested address.
[2019-06-29 11:07:54] ERROR - file: sockopt.c, line: 864, bind port 0 failed, errno: 99, error info: Cannot assign requested address.
[2019-06-29 11:08:02] ERROR - file: storage_ip_changed_dealer.c, line: 186, connect to tracker server 192.168.150.20:22122 fail, errno: 113, error info: No route to host
[2019-06-29 11:08:02] ERROR - file: sockopt.c, line: 864, bind port 0 failed, errno: 99, error info: Cannot assign requested address.
[2019-06-29 11:08:10] ERROR - file: sockopt.c, line: 864, bind port 0 failed, errno: 99, error info: Cannot assign requested address.
[2019-06-29 11:08:18] ERROR - file: sockopt.c, line: 864, bind port 0 failed, errno: 99, error info: Cannot assign requested address.
[2019-06-29 11:08:26] ERROR - file: storage_ip_changed_dealer.c, line: 186, connect to tracker server 192.168.150.20:22122 fail, errno: 113, error info: No route to host
[2019-06-29 11:08:26] ERROR - file: sockopt.c, line: 864, bind port 0 failed, errno: 99, error info: Cannot assign requested address.
[2019-06-29 11:08:34] ERROR - file: sockopt.c, line: 864, bind port 0 failed, errno: 99, error info: Cannot assign requested address.
[2019-06-29 11:08:42] ERROR - file: sockopt.c, line: 864, bind port 0 failed, errno: 99, error info: Cannot assign requested address.
[2019-06-29 11:08:50] ERROR - file: storage_ip_changed_dealer.c, line: 186, connect to tracker server 192.168.150.20:22122 fail, errno: 113, error info: No route to host
[2019-06-29 11:08:50] ERROR - file: sockopt.c, line: 864, bind port 0 failed, errno: 99, error info: Cannot assign requested address.
[2019-06-29 11:08:58] ERROR - file: sockopt.c, line: 864, bind port 0 failed, errno: 99, error info: Cannot assign requested address.
[2019-06-29 11:09:06] ERROR - file: sockopt.c, line: 864, bind port 0 failed, errno: 99, error info: Cannot assign requested address.
[2019-06-29 11:09:14] ERROR - file: storage_ip_changed_dealer.c, line: 186, connect to tracker server 192.168.150.20:22122 fail, errno: 113, error info: No route to host
[2019-06-29 11:09:14] ERROR - file: sockopt.c, line: 864, bind port 0 failed, errno: 99, error info: Cannot assign requested address.
[2019-06-29 11:09:22] ERROR - file: sockopt.c, line: 864, bind port 0 failed, errno: 99, error info: Cannot assign requested address.
[2019-06-29 11:09:30] ERROR - file: sockopt.c, line: 864, bind port 0 failed, errno: 99, error info: Cannot assign requested address.
[2019-06-29 11:09:39] ERROR - file: storage_ip_changed_dealer.c, line: 186, connect to tracker server 192.168.150.20:22122 fail, errno: 113, error info: No route to host
[2019-06-29 11:09:39] ERROR - file: sockopt.c, line: 864, bind port 0 failed, errno: 99, error info: Cannot assign requested address.
[2019-06-29 11:09:47] ERROR - file: sockopt.c, line: 864, bind port 0 failed, errno: 99, error info: Cannot assign requested address.
[2019-06-29 11:09:55] ERROR - file: sockopt.c, line: 864, bind port 0 failed, errno: 99, error info: Cannot assign requested address.
[2019-06-29 11:10:03] ERROR - file: storage_ip_changed_dealer.c, line: 186, connect to tracker server 192.168.150.20:22122 fail, errno: 113, error info: No route to host
[2019-06-29 11:10:03] ERROR - file: sockopt.c, line: 864, bind port 0 failed, errno: 99, error info: Cannot assign requested address.
[2019-06-29 11:10:11] ERROR - file: sockopt.c, line: 864, bind port 0 failed, errno: 99, error info: Cannot assign requested address.
[2019-06-29 11:10:19] ERROR - file: sockopt.c, line: 864, bind port 0 failed, errno: 99, error info: Cannot assign requested address.
[2019-06-29 11:10:27] ERROR - file: storage_ip_changed_dealer.c, line: 186, connect to tracker server 192.168.150.20:22122 fail, errno: 113, error info: No route to host
[2019-06-29 11:10:27] ERROR - file: sockopt.c, line: 864, bind port 0 failed, errno: 99, error info: Cannot assign requested address.
[2019-06-29 11:10:35] ERROR - file: sockopt.c, line: 864, bind port 0 failed, errno: 99, error info: Cannot assign requested address.
[2019-06-29 11:10:43] ERROR - file: sockopt.c, line: 864, bind port 0 failed, errno: 99, error info: Cannot assign requested address.
[2019-06-29 11:10:51] ERROR - file: storage_ip_changed_dealer.c, line: 186, connect to tracker server 192.168.150.20:22122 fail, errno: 113, error info: No route to host
[2019-06-29 11:10:51] ERROR - file: sockopt.c, line: 864, bind port 0 failed, errno: 99, error info: Cannot assign requested address.
[2019-06-29 11:10:59] ERROR - file: sockopt.c, line: 864, bind port 0 failed, errno: 99, error info: Cannot assign requested address.
[2019-06-29 11:11:07] ERROR - file: sockopt.c, line: 864, bind port 0 failed, errno: 99, error info: Cannot assign requested address.
[2019-06-29 11:11:15] ERROR - file: storage_ip_changed_dealer.c, line: 186, connect to tracker server 192.168.150.20:22122 fail, errno: 113, error info: No route to host
[2019-06-29 11:11:15] ERROR - file: sockopt.c, line: 864, bind port 0 failed, errno: 99, error info: Cannot assign requested address.
[2019-06-29 11:11:24] ERROR - file: sockopt.c, line: 864, bind port 0 failed, errno: 99, error info: Cannot assign requested address.
[2019-06-29 11:11:32] ERROR - file: sockopt.c, line: 864, bind port 0 failed, errno: 99, error info: Cannot assign requested address.
[2019-06-29 11:11:40] ERROR - file: storage_ip_changed_dealer.c, line: 186, connect to tracker server 192.168.150.20:22122 fail, errno: 113, error info: No route to host
[2019-06-29 11:11:40] ERROR - file: sockopt.c, line: 864, bind port 0 failed, errno: 99, error info: Cannot assign requested address.
[2019-06-29 11:11:48] ERROR - file: sockopt.c, line: 864, bind port 0 failed, errno: 99, error info: Cannot assign requested address.
[2019-06-29 11:11:54] ERROR - file: sockopt.c, line: 864, bind port 0 failed, errno: 99, error info: Cannot assign requested address.
[2019-06-29 11:12:02] ERROR - file: storage_ip_changed_dealer.c, line: 186, connect to tracker server 192.168.150.20:22122 fail, errno: 113, error info: No route to host
[2019-06-29 11:12:02] ERROR - file: sockopt.c, line: 864, bind port 0 failed, errno: 99, error info: Cannot assign requested address.
[2019-06-29 11:12:10] ERROR - file: sockopt.c, line: 864, bind port 0 failed, errno: 99, error info: Cannot assign requested address.
[2019-06-29 11:12:19] ERROR - file: sockopt.c, line: 864, bind port 0 failed, errno: 99, error info: Cannot assign requested address.
[2019-06-29 11:12:27] ERROR - file: storage_ip_changed_dealer.c, line: 186, connect to tracker server 192.168.150.20:22122 fail, errno: 113, error info: No route to host
[2019-06-29 11:12:27] ERROR - file: sockopt.c, line: 864, bind port 0 failed, errno: 99, error info: Cannot assign requested address.
[2019-06-29 11:12:35] ERROR - file: sockopt.c, line: 864, bind port 0 failed, errno: 99, error info: Cannot assign requested address.
[2019-06-29 11:12:43] ERROR - file: sockopt.c, line: 864, bind port 0 failed, errno: 99, error info: Cannot assign requested address.
[2019-06-29 11:12:49] ERROR - file: storage_ip_changed_dealer.c, line: 186, connect to tracker server 192.168.150.20:22122 fail, errno: 113, error info: No route to host
[2019-06-29 11:12:49] ERROR - file: sockopt.c, line: 864, bind port 0 failed, errno: 99, error info: Cannot assign requested address.
[2019-06-29 11:12:57] ERROR - file: sockopt.c, line: 864, bind port 0 failed, errno: 99, error info: Cannot assign requested address.
[2019-06-29 11:13:05] ERROR - file: sockopt.c, line: 864, bind port 0 failed, errno: 99, error info: Cannot assign requested address.
[2019-06-29 11:13:13] ERROR - file: storage_ip_changed_dealer.c, line: 186, connect to tracker server 192.168.150.20:22122 fail, errno: 113, error info: No route to host
[2019-06-29 11:13:13] ERROR - file: sockopt.c, line: 864, bind port 0 failed, errno: 99, error info: Cannot assign requested address.
[2019-06-29 11:13:21] ERROR - file: sockopt.c, line: 864, bind port 0 failed, errno: 99, error info: Cannot assign requested address.
[2019-06-29 11:13:29] ERROR - file: sockopt.c, line: 864, bind port 0 failed, errno: 99, error info: Cannot assign requested address.
[2019-06-29 11:13:37] ERROR - file: storage_ip_changed_dealer.c, line: 186, connect to tracker server 192.168.150.20:22122 fail, errno: 113, error info: No route to host
[2019-06-29 11:13:37] ERROR - file: sockopt.c, line: 864, bind port 0 failed, errno: 99, error info: Cannot assign requested address.
[2019-06-29 11:13:45] ERROR - file: sockopt.c, line: 864, bind port 0 failed, errno: 99, error info: Cannot assign requested address.
[2019-06-29 11:13:53] ERROR - file: sockopt.c, line: 864, bind port 0 failed, errno: 99, error info: Cannot assign requested address.
[2019-06-29 11:14:01] ERROR - file: storage_ip_changed_dealer.c, line: 186, connect to tracker server 192.168.150.20:22122 fail, errno: 113, error info: No route to host
[2019-06-29 11:14:01] ERROR - file: sockopt.c, line: 864, bind port 0 failed, errno: 99, error info: Cannot assign requested address.
[2019-06-29 11:14:09] ERROR - file: sockopt.c, line: 864, bind port 0 failed, errno: 99, error info: Cannot assign requested address.
[2019-06-29 11:14:18] ERROR - file: sockopt.c, line: 864, bind port 0 failed, errno: 99, error info: Cannot assign requested address.
[2019-06-29 11:14:26] ERROR - file: storage_ip_changed_dealer.c, line: 186, connect to tracker server 192.168.150.20:22122 fail, errno: 113, error info: No route to host
[2019-06-29 11:14:26] ERROR - file: sockopt.c, line: 864, bind port 0 failed, errno: 99, error info: Cannot assign requested address.
[2019-06-29 11:14:34] ERROR - file: sockopt.c, line: 864, bind port 0 failed, errno: 99, error info: Cannot assign requested address.
[2019-06-29 11:14:42] ERROR - file: sockopt.c, line: 864, bind port 0 failed, errno: 99, error info: Cannot assign requested address.
[2019-06-29 11:14:50] ERROR - file: storage_ip_changed_dealer.c, line: 186, connect to tracker server 192.168.150.20:22122 fail, errno: 113, error info: No route to host
[2019-06-29 11:14:50] ERROR - file: sockopt.c, line: 864, bind port 0 failed, errno: 99, error info: Cannot assign requested address.
[2019-06-29 11:14:58] ERROR - file: sockopt.c, line: 864, bind port 0 failed, errno: 99, error info: Cannot assign requested address.
[2019-06-29 11:15:06] ERROR - file: sockopt.c, line: 864, bind port 0 failed, errno: 99, error info: Cannot assign requested address.
[2019-06-29 11:15:14] ERROR - file: storage_ip_changed_dealer.c, line: 186, connect to tracker server 192.168.150.20:22122 fail, errno: 113, error info: No route to host
[2019-06-29 11:15:14] ERROR - file: sockopt.c, line: 864, bind port 0 failed, errno: 99, error info: Cannot assign requested address.
[2019-06-29 11:15:22] ERROR - file: sockopt.c, line: 864, bind port 0 failed, errno: 99, error info: Cannot assign requested address.
[2019-06-29 11:15:30] ERROR - file: sockopt.c, line: 864, bind port 0 failed, errno: 99, error info: Cannot assign requested address.
[2019-06-29 11:15:38] ERROR - file: storage_ip_changed_dealer.c, line: 186, connect to tracker server 192.168.150.20:22122 fail, errno: 113, error info: No route to host
[2019-06-29 11:15:38] ERROR - file: sockopt.c, line: 864, bind port 0 failed, errno: 99, error info: Cannot assign requested address.
[2019-06-29 11:15:46] ERROR - file: sockopt.c, line: 864, bind port 0 failed, errno: 99, error info: Cannot assign requested address.
[2019-06-29 11:15:54] ERROR - file: sockopt.c, line: 864, bind port 0 failed, errno: 99, error info: Cannot assign requested address.
[2019-06-29 11:16:02] ERROR - file: storage_ip_changed_dealer.c, line: 186, connect to tracker server 192.168.150.20:22122 fail, errno: 113, error info: No route to host
[2019-06-29 11:16:02] ERROR - file: sockopt.c, line: 864, bind port 0 failed, errno: 99, error info: Cannot assign requested address.
[2019-06-29 11:16:10] ERROR - file: sockopt.c, line: 864, bind port 0 failed, errno: 99, error info: Cannot assign requested address.
[2019-06-29 11:16:19] ERROR - file: sockopt.c, line: 864, bind port 0 failed, errno: 99, error info: Cannot assign requested address.
[2019-06-29 11:16:27] ERROR - file: storage_ip_changed_dealer.c, line: 186, connect to tracker server 192.168.150.20:22122 fail, errno: 113, error info: No route to host
[2019-06-29 11:16:27] ERROR - file: sockopt.c, line: 864, bind port 0 failed, errno: 99, error info: Cannot assign requested address.
[2019-06-29 11:16:35] ERROR - file: sockopt.c, line: 864, bind port 0 failed, errno: 99, error info: Cannot assign requested address.
[2019-06-29 11:16:43] ERROR - file: sockopt.c, line: 864, bind port 0 failed, errno: 99, error info: Cannot assign requested address.
[2019-06-29 11:16:51] ERROR - file: storage_ip_changed_dealer.c, line: 186, connect to tracker server 192.168.150.20:22122 fail, errno: 113, error info: No route to host
[2019-06-29 11:16:51] ERROR - file: sockopt.c, line: 864, bind port 0 failed, errno: 99, error info: Cannot assign requested address.
[2019-06-29 11:16:59] ERROR - file: sockopt.c, line: 864, bind port 0 failed, errno: 99, error info: Cannot assign requested address.
[2019-06-29 11:17:07] ERROR - file: sockopt.c, line: 864, bind port 0 failed, errno: 99, error info: Cannot assign requested address.
[2019-06-29 11:17:15] ERROR - file: storage_ip_changed_dealer.c, line: 186, connect to tracker server 192.168.150.20:22122 fail, errno: 113, error info: No route to host
[2019-06-29 11:17:15] ERROR - file: sockopt.c, line: 864, bind port 0 failed, errno: 99, error info: Cannot assign requested address.
[2019-06-29 11:17:23] ERROR - file: sockopt.c, line: 864, bind port 0 failed, errno: 99, error info: Cannot assign requested address.
[2019-06-29 11:17:31] ERROR - file: sockopt.c, line: 864, bind port 0 failed, errno: 99, error info: Cannot assign requested address.
[2019-06-29 11:17:39] ERROR - file: storage_ip_changed_dealer.c, line: 186, connect to tracker server 192.168.150.20:22122 fail, errno: 113, error info: No route to host
[2019-06-29 11:17:39] ERROR - file: sockopt.c, line: 864, bind port 0 failed, errno: 99, error info: Cannot assign requested address.
[2019-06-29 11:17:47] ERROR - file: sockopt.c, line: 864, bind port 0 failed, errno: 99, error info: Cannot assign requested address.
[2019-06-29 11:17:54] ERROR - file: sockopt.c, line: 864, bind port 0 failed, errno: 99, error info: Cannot assign requested address.
[2019-06-29 11:18:02] ERROR - file: storage_ip_changed_dealer.c, line: 186, connect to tracker server 192.168.150.20:22122 fail, errno: 113, error info: No route to host
[2019-06-29 11:18:02] ERROR - file: sockopt.c, line: 864, bind port 0 failed, errno: 99, error info: Cannot assign requested address.
[2019-06-29 11:18:10] ERROR - file: sockopt.c, line: 864, bind port 0 failed, errno: 99, error info: Cannot assign requested address.
[2019-06-29 11:18:18] ERROR - file: sockopt.c, line: 864, bind port 0 failed, errno: 99, error info: Cannot assign requested address.
[2019-06-29 11:18:24] ERROR - file: storage_ip_changed_dealer.c, line: 186, connect to tracker server 192.168.150.20:22122 fail, errno: 113, error info: No route to host
[2019-06-29 11:18:24] ERROR - file: sockopt.c, line: 864, bind port 0 failed, errno: 99, error info: Cannot assign requested address.
[2019-06-29 11:18:32] ERROR - file: sockopt.c, line: 864, bind port 0 failed, errno: 99, error info: Cannot assign requested address.
[2019-06-29 11:18:40] ERROR - file: sockopt.c, line: 864, bind port 0 failed, errno: 99, error info: Cannot assign requested address.
[2019-06-29 11:18:48] ERROR - file: storage_ip_changed_dealer.c, line: 186, connect to tracker server 192.168.150.20:22122 fail, errno: 113, error info: No route to host
[2019-06-29 11:18:48] ERROR - file: sockopt.c, line: 864, bind port 0 failed, errno: 99, error info: Cannot assign requested address.
[2019-06-29 11:18:56] ERROR - file: sockopt.c, line: 864, bind port 0 failed, errno: 99, error info: Cannot assign requested address.
[2019-06-29 11:19:05] ERROR - file: sockopt.c, line: 864, bind port 0 failed, errno: 99, error info: Cannot assign requested address.
[2019-06-29 11:19:13] ERROR - file: storage_ip_changed_dealer.c, line: 186, connect to tracker server 192.168.150.20:22122 fail, errno: 113, error info: No route to host
[2019-06-29 11:19:13] ERROR - file: sockopt.c, line: 864, bind port 0 failed, errno: 99, error info: Cannot assign requested address.
[2019-06-29 11:19:21] ERROR - file: sockopt.c, line: 864, bind port 0 failed, errno: 99, error info: Cannot assign requested address.
[2019-06-29 11:19:29] ERROR - file: sockopt.c, line: 864, bind port 0 failed, errno: 99, error info: Cannot assign requested address.
[2019-06-29 11:19:37] ERROR - file: storage_ip_changed_dealer.c, line: 186, connect to tracker server 192.168.150.20:22122 fail, errno: 113, error info: No route to host
[2019-06-29 11:19:37] ERROR - file: sockopt.c, line: 864, bind port 0 failed, errno: 99, error info: Cannot assign requested address.
[2019-06-29 11:19:45] ERROR - file: sockopt.c, line: 864, bind port 0 failed, errno: 99, error info: Cannot assign requested address.
[2019-06-29 11:19:53] ERROR - file: sockopt.c, line: 864, bind port 0 failed, errno: 99, error info: Cannot assign requested address.
[2019-06-29 11:20:01] ERROR - file: storage_ip_changed_dealer.c, line: 186, connect to tracker server 192.168.150.20:22122 fail, errno: 113, error info: No route to host
[2019-06-29 11:20:01] ERROR - file: sockopt.c, line: 864, bind port 0 failed, errno: 99, error info: Cannot assign requested address.
[2019-06-29 11:20:09] ERROR - file: sockopt.c, line: 864, bind port 0 failed, errno: 99, error info: Cannot assign requested address.
[2019-06-29 11:20:17] ERROR - file: sockopt.c, line: 864, bind port 0 failed, errno: 99, error info: Cannot assign requested address.
[2019-06-29 11:20:25] ERROR - file: storage_ip_changed_dealer.c, line: 186, connect to tracker server 192.168.150.20:22122 fail, errno: 113, error info: No route to host
[2019-06-29 11:20:25] ERROR - file: sockopt.c, line: 864, bind port 0 failed, errno: 99, error info: Cannot assign requested address.
[2019-06-29 11:20:33] ERROR - file: sockopt.c, line: 864, bind port 0 failed, errno: 99, error info: Cannot assign requested address.
[2019-06-29 11:20:41] ERROR - file: sockopt.c, line: 864, bind port 0 failed, errno: 99, error info: Cannot assign requested address.
[2019-06-29 11:20:49] ERROR - file: storage_ip_changed_dealer.c, line: 186, connect to tracker server 192.168.150.20:22122 fail, errno: 113, error info: No route to host
[2019-06-29 11:20:49] ERROR - file: sockopt.c, line: 864, bind port 0 failed, errno: 99, error info: Cannot assign requested address.
[2019-06-29 11:20:57] ERROR - file: sockopt.c, line: 864, bind port 0 failed, errno: 99, error info: Cannot assign requested address.
[2019-06-29 11:21:05] ERROR - file: sockopt.c, line: 864, bind port 0 failed, errno: 99, error info: Cannot assign requested address.
[2019-06-29 11:21:14] ERROR - file: storage_ip_changed_dealer.c, line: 186, connect to tracker server 192.168.150.20:22122 fail, errno: 113, error info: No route to host
[2019-06-29 11:21:14] ERROR - file: sockopt.c, line: 864, bind port 0 failed, errno: 99, error info: Cannot assign requested address.
[2019-06-29 11:21:22] ERROR - file: sockopt.c, line: 864, bind port 0 failed, errno: 99, error info: Cannot assign requested address.
[2019-06-29 11:21:30] ERROR - file: sockopt.c, line: 864, bind port 0 failed, errno: 99, error info: Cannot assign requested address.
[2019-06-29 11:21:38] ERROR - file: storage_ip_changed_dealer.c, line: 186, connect to tracker server 192.168.150.20:22122 fail, errno: 113, error info: No route to host
[2019-06-29 11:21:38] ERROR - file: sockopt.c, line: 864, bind port 0 failed, errno: 99, error info: Cannot assign requested address.
[2019-06-29 11:21:46] ERROR - file: sockopt.c, line: 864, bind port 0 failed, errno: 99, error info: Cannot assign requested address.
[2019-06-29 11:21:54] ERROR - file: sockopt.c, line: 864, bind port 0 failed, errno: 99, error info: Cannot assign requested address.
[2019-06-29 11:22:02] ERROR - file: storage_ip_changed_dealer.c, line: 186, connect to tracker server 192.168.150.20:22122 fail, errno: 113, error info: No route to host
[2019-06-29 11:22:02] ERROR - file: sockopt.c, line: 864, bind port 0 failed, errno: 99, error info: Cannot assign requested address.
[2019-06-29 11:22:10] ERROR - file: sockopt.c, line: 864, bind port 0 failed, errno: 99, error info: Cannot assign requested address.
[2019-06-29 11:22:18] ERROR - file: sockopt.c, line: 864, bind port 0 failed, errno: 99, error info: Cannot assign requested address.
[2019-06-29 11:22:25] ERROR - file: storage_ip_changed_dealer.c, line: 186, connect to tracker server 192.168.150.20:22122 fail, errno: 113, error info: No route to host
[2019-06-29 11:22:25] ERROR - file: sockopt.c, line: 864, bind port 0 failed, errno: 99, error info: Cannot assign requested address.
[2019-06-29 11:22:34] ERROR - file: sockopt.c, line: 864, bind port 0 failed, errno: 99, error info: Cannot assign requested address.
[2019-06-29 11:22:42] ERROR - file: sockopt.c, line: 864, bind port 0 failed, errno: 99, error info: Cannot assign requested address.
[2019-06-29 11:22:50] ERROR - file: storage_ip_changed_dealer.c, line: 186, connect to tracker server 192.168.150.20:22122 fail, errno: 113, error info: No route to host
[2019-06-29 11:22:50] ERROR - file: sockopt.c, line: 864, bind port 0 failed, errno: 99, error info: Cannot assign requested address.
[2019-06-29 11:22:58] ERROR - file: sockopt.c, line: 864, bind port 0 failed, errno: 99, error info: Cannot assign requested address.
[2019-06-29 11:23:06] ERROR - file: sockopt.c, line: 864, bind port 0 failed, errno: 99, error info: Cannot assign requested address.
[2019-06-29 11:23:14] ERROR - file: storage_ip_changed_dealer.c, line: 186, connect to tracker server 192.168.150.20:22122 fail, errno: 113, error info: No route to host
[2019-06-29 11:23:14] ERROR - file: sockopt.c, line: 864, bind port 0 failed, errno: 99, error info: Cannot assign requested address.
[2019-06-29 11:23:22] ERROR - file: sockopt.c, line: 864, bind port 0 failed, errno: 99, error info: Cannot assign requested address.
[2019-06-29 11:23:30] ERROR - file: sockopt.c, line: 864, bind port 0 failed, errno: 99, error info: Cannot assign requested address.
[2019-06-29 11:24:05] ERROR - file: storage_ip_changed_dealer.c, line: 186, connect to tracker server 192.168.150.20:22122 fail, errno: 110, error info: Connection timed out
[2019-06-29 11:24:20] ERROR - file: storage_ip_changed_dealer.c, line: 186, connect to tracker server 192.168.150.20:22122 fail, errno: 111, error info: Connection refused
[2019-06-29 11:24:35] ERROR - file: storage_ip_changed_dealer.c, line: 186, connect to tracker server 192.168.150.20:22122 fail, errno: 111, error info: Connection refused
[2019-06-29 11:24:50] ERROR - file: storage_ip_changed_dealer.c, line: 186, connect to tracker server 192.168.150.20:22122 fail, errno: 111, error info: Connection refused
[2019-06-29 11:25:05] ERROR - file: storage_ip_changed_dealer.c, line: 186, connect to tracker server 192.168.150.20:22122 fail, errno: 111, error info: Connection refused
[2019-06-29 11:25:21] ERROR - file: storage_ip_changed_dealer.c, line: 186, connect to tracker server 192.168.150.20:22122 fail, errno: 111, error info: Connection refused
[2019-06-29 11:25:39] ERROR - file: storage_ip_changed_dealer.c, line: 186, connect to tracker server 192.168.150.20:22122 fail, errno: 111, error info: Connection refused
[2019-06-29 11:25:59] ERROR - file: storage_ip_changed_dealer.c, line: 186, connect to tracker server 192.168.150.20:22122 fail, errno: 111, error info: Connection refused
[2019-06-29 11:26:32] ERROR - file: storage_ip_changed_dealer.c, line: 186, connect to tracker server 192.168.150.20:22122 fail, errno: 111, error info: Connection refused
[2019-06-29 11:27:04] ERROR - file: storage_ip_changed_dealer.c, line: 186, connect to tracker server 192.168.150.20:22122 fail, errno: 111, error info: Connection refused
[2019-06-29 11:27:31] ERROR - file: storage_ip_changed_dealer.c, line: 186, connect to tracker server 192.168.150.20:22122 fail, errno: 111, error info: Connection refused
[2019-06-29 11:27:52] ERROR - file: storage_ip_changed_dealer.c, line: 186, connect to tracker server 192.168.150.20:22122 fail, errno: 111, error info: Connection refused
[2019-06-29 11:35:04] INFO - FastDFS v5.10, base_path=/home/roger/go/src/MicroServiceDemo04/fastdfs/storage, store_path_count=1, subdir_count_per_path=256, group_name=group1, run_by_group=, run_by_user=, connect_timeout=30s, network_timeout=60s, port=23000, bind_addr=192.168.150.20, client_bind=1, max_connections=256, accept_threads=1, work_threads=4, disk_rw_separated=1, disk_reader_threads=1, disk_writer_threads=1, buff_size=256KB, heart_beat_interval=30s, stat_report_interval=60s, tracker_server_count=1, sync_wait_msec=50ms, sync_interval=0ms, sync_start_time=00:00, sync_end_time=23:59, write_mark_file_freq=500, allow_ip_count=-1, file_distribute_path_mode=0, file_distribute_rotate_count=100, fsync_after_written_bytes=0, sync_log_buff_interval=10s, sync_binlog_buff_interval=10s, sync_stat_file_interval=300s, thread_stack_size=512 KB, upload_priority=10, if_alias_prefix=, check_file_duplicate=0, file_signature_method=hash, FDHT group count=0, FDHT server count=0, FDHT key_namespace=, FDHT keep_alive=0, HTTP server port=8888, domain name=, use_access_log=0, rotate_access_log=0, access_log_rotate_time=00:00, rotate_error_log=0, error_log_rotate_time=00:00, rotate_access_log_size=0, rotate_error_log_size=0, log_file_keep_days=0, file_sync_skip_invalid_record=0, use_connection_pool=0, g_connection_pool_max_idle_time=3600s
[2019-06-29 11:35:04] INFO - file: storage_param_getter.c, line: 191, use_storage_id=0, id_type_in_filename=ip, storage_ip_changed_auto_adjust=1, store_path=0, reserved_storage_space=10.00%, use_trunk_file=0, slot_min_size=256, slot_max_size=16 MB, trunk_file_size=64 MB, trunk_create_file_advance=0, trunk_create_file_time_base=02:00, trunk_create_file_interval=86400, trunk_create_file_space_threshold=20 GB, trunk_init_check_occupying=0, trunk_init_reload_from_binlog=0, trunk_compress_binlog_min_interval=0, store_slave_file_use_link=0
[2019-06-29 11:35:04] INFO - file: storage_func.c, line: 257, tracker_client_ip: 192.168.150.20, my_server_id_str: 192.168.150.20, g_server_id_in_filename: 345417920
[2019-06-29 11:35:04] INFO - file: tracker_client_thread.c, line: 310, successfully connect to tracker server 192.168.150.20:22122, as a tracker client, my ip is 192.168.150.20
[2019-06-29 11:35:34] INFO - file: tracker_client_thread.c, line: 1263, tracker server 192.168.150.20:22122, set tracker leader: 192.168.150.20:22122
[2019-06-29 13:22:39] CRIT - file: fdfs_storaged.c, line: 474, catch signal 15, program exiting...
[2019-06-29 13:22:41] INFO - file: fdfs_storaged.c, line: 526, catch signal 1, rotate log
[2019-06-29 13:22:41] INFO - exit normally.

[2019-06-29 15:23:26] INFO - FastDFS v5.10, base_path=/home/roger/go/src/MicroServiceDemo04/fastdfs/storage, store_path_count=1, subdir_count_per_path=256, group_name=group1, run_by_group=, run_by_user=, connect_timeout=30s, network_timeout=60s, port=23000, bind_addr=192.168.150.20, client_bind=1, max_connections=256, accept_threads=1, work_threads=4, disk_rw_separated=1, disk_reader_threads=1, disk_writer_threads=1, buff_size=256KB, heart_beat_interval=30s, stat_report_interval=60s, tracker_server_count=1, sync_wait_msec=50ms, sync_interval=0ms, sync_start_time=00:00, sync_end_time=23:59, write_mark_file_freq=500, allow_ip_count=-1, file_distribute_path_mode=0, file_distribute_rotate_count=100, fsync_after_written_bytes=0, sync_log_buff_interval=10s, sync_binlog_buff_interval=10s, sync_stat_file_interval=300s, thread_stack_size=512 KB, upload_priority=10, if_alias_prefix=, check_file_duplicate=0, file_signature_method=hash, FDHT group count=0, FDHT server count=0, FDHT key_namespace=, FDHT keep_alive=0, HTTP server port=8888, domain name=, use_access_log=0, rotate_access_log=0, access_log_rotate_time=00:00, rotate_error_log=0, error_log_rotate_time=00:00, rotate_access_log_size=0, rotate_error_log_size=0, log_file_keep_days=0, file_sync_skip_invalid_record=0, use_connection_pool=0, g_connection_pool_max_idle_time=3600s
[2019-06-29 15:23:26] INFO - file: storage_param_getter.c, line: 191, use_storage_id=0, id_type_in_filename=ip, storage_ip_changed_auto_adjust=1, store_path=0, reserved_storage_space=10.00%, use_trunk_file=0, slot_min_size=256, slot_max_size=16 MB, trunk_file_size=64 MB, trunk_create_file_advance=0, trunk_create_file_time_base=02:00, trunk_create_file_interval=86400, trunk_create_file_space_threshold=20 GB, trunk_init_check_occupying=0, trunk_init_reload_from_binlog=0, trunk_compress_binlog_min_interval=0, store_slave_file_use_link=0
[2019-06-29 15:23:26] INFO - file: storage_func.c, line: 257, tracker_client_ip: 192.168.150.20, my_server_id_str: 192.168.150.20, g_server_id_in_filename: 345417920
[2019-06-29 15:23:26] INFO - file: tracker_client_thread.c, line: 310, successfully connect to tracker server 192.168.150.20:22122, as a tracker client, my ip is 192.168.150.20
[2019-06-29 15:23:56] INFO - file: tracker_client_thread.c, line: 1263, tracker server 192.168.150.20:22122, set tracker leader: 192.168.150.20:22122
[2019-06-29 18:01:32] ERROR - file: storage_nio.c, line: 282, client ip: 192.168.150.20, recv timeout, recv offset: 0, expect length: 0
[2019-06-29 18:01:32] ERROR - file: storage_nio.c, line: 282, client ip: 192.168.150.20, recv timeout, recv offset: 0, expect length: 0
[2019-06-29 18:01:32] ERROR - file: storage_nio.c, line: 282, client ip: 192.168.150.20, recv timeout, recv offset: 0, expect length: 0
[2019-06-29 18:01:32] ERROR - file: storage_nio.c, line: 282, client ip: 192.168.150.20, recv timeout, recv offset: 0, expect length: 0
[2019-06-29 18:01:32] ERROR - file: storage_nio.c, line: 282, client ip: 192.168.150.20, recv timeout, recv offset: 0, expect length: 0
[2019-06-29 18:01:32] ERROR - file: storage_nio.c, line: 282, client ip: 192.168.150.20, recv timeout, recv offset: 0, expect length: 0
[2019-06-29 18:01:32] ERROR - file: storage_nio.c, line: 282, client ip: 192.168.150.20, recv timeout, recv offset: 0, expect length: 0
[2019-06-29 18:01:32] ERROR - file: storage_nio.c, line: 282, client ip: 192.168.150.20, recv timeout, recv offset: 0, expect length: 0
[2019-06-29 18:01:32] ERROR - file: storage_nio.c, line: 282, client ip: 192.168.150.20, recv timeout, recv offset: 0, expect length: 0
[2019-06-29 18:05:16] ERROR - file: storage_nio.c, line: 282, client ip: 192.168.150.20, recv timeout, recv offset: 0, expect length: 0
[2019-06-29 18:05:16] ERROR - file: storage_nio.c, line: 282, client ip: 192.168.150.20, recv timeout, recv offset: 0, expect length: 0
[2019-06-29 18:05:16] ERROR - file: storage_nio.c, line: 282, client ip: 192.168.150.20, recv timeout, recv offset: 0, expect length: 0
[2019-06-29 18:05:16] ERROR - file: storage_nio.c, line: 282, client ip: 192.168.150.20, recv timeout, recv offset: 0, expect length: 0
[2019-06-29 18:05:16] ERROR - file: storage_nio.c, line: 282, client ip: 192.168.150.20, recv timeout, recv offset: 0, expect length: 0
[2019-06-29 18:05:16] ERROR - file: storage_nio.c, line: 282, client ip: 192.168.150.20, recv timeout, recv offset: 0, expect length: 0
[2019-06-29 18:05:16] ERROR - file: storage_nio.c, line: 282, client ip: 192.168.150.20, recv timeout, recv offset: 0, expect length: 0
[2019-06-29 18:05:16] ERROR - file: storage_nio.c, line: 282, client ip: 192.168.150.20, recv timeout, recv offset: 0, expect length: 0
[2019-06-29 18:05:16] ERROR - file: storage_nio.c, line: 282, client ip: 192.168.150.20, recv timeout, recv offset: 0, expect length: 0
[2019-09-09 17:02:12] INFO - FastDFS v5.10, base_path=/home/roger/go/src/MicroIhome/fastdfs/storage, store_path_count=1, subdir_count_per_path=256, group_name=group1, run_by_group=, run_by_user=, connect_timeout=30s, network_timeout=60s, port=23000, bind_addr=192.168.150.20, client_bind=1, max_connections=256, accept_threads=1, work_threads=4, disk_rw_separated=1, disk_reader_threads=1, disk_writer_threads=1, buff_size=256KB, heart_beat_interval=30s, stat_report_interval=60s, tracker_server_count=1, sync_wait_msec=50ms, sync_interval=0ms, sync_start_time=00:00, sync_end_time=23:59, write_mark_file_freq=500, allow_ip_count=-1, file_distribute_path_mode=0, file_distribute_rotate_count=100, fsync_after_written_bytes=0, sync_log_buff_interval=10s, sync_binlog_buff_interval=10s, sync_stat_file_interval=300s, thread_stack_size=512 KB, upload_priority=10, if_alias_prefix=, check_file_duplicate=0, file_signature_method=hash, FDHT group count=0, FDHT server count=0, FDHT key_namespace=, FDHT keep_alive=0, HTTP server port=8888, domain name=, use_access_log=0, rotate_access_log=0, access_log_rotate_time=00:00, rotate_error_log=0, error_log_rotate_time=00:00, rotate_access_log_size=0, rotate_error_log_size=0, log_file_keep_days=0, file_sync_skip_invalid_record=0, use_connection_pool=0, g_connection_pool_max_idle_time=3600s
[2019-09-09 17:02:12] INFO - file: storage_param_getter.c, line: 191, use_storage_id=0, id_type_in_filename=ip, storage_ip_changed_auto_adjust=1, store_path=0, reserved_storage_space=10.00%, use_trunk_file=0, slot_min_size=256, slot_max_size=16 MB, trunk_file_size=64 MB, trunk_create_file_advance=0, trunk_create_file_time_base=02:00, trunk_create_file_interval=86400, trunk_create_file_space_threshold=20 GB, trunk_init_check_occupying=0, trunk_init_reload_from_binlog=0, trunk_compress_binlog_min_interval=0, store_slave_file_use_link=0
[2019-09-09 17:02:12] INFO - file: storage_func.c, line: 257, tracker_client_ip: 192.168.150.20, my_server_id_str: 192.168.150.20, g_server_id_in_filename: 345417920
[2019-09-09 17:02:12] INFO - file: tracker_client_thread.c, line: 310, successfully connect to tracker server 192.168.150.20:22122, as a tracker client, my ip is 192.168.150.20
[2019-09-09 17:02:42] INFO - file: tracker_client_thread.c, line: 1263, tracker server 192.168.150.20:22122, set tracker leader: 192.168.150.20:22122
[2019-09-09 17:04:03] INFO - FastDFS v5.10, base_path=/home/roger/go/src/MicroIhome/fastdfs/storage, store_path_count=1, subdir_count_per_path=256, group_name=group1, run_by_group=, run_by_user=, connect_timeout=30s, network_timeout=60s, port=23000, bind_addr=192.168.150.20, client_bind=1, max_connections=256, accept_threads=1, work_threads=4, disk_rw_separated=1, disk_reader_threads=1, disk_writer_threads=1, buff_size=256KB, heart_beat_interval=30s, stat_report_interval=60s, tracker_server_count=1, sync_wait_msec=50ms, sync_interval=0ms, sync_start_time=00:00, sync_end_time=23:59, write_mark_file_freq=500, allow_ip_count=-1, file_distribute_path_mode=0, file_distribute_rotate_count=100, fsync_after_written_bytes=0, sync_log_buff_interval=10s, sync_binlog_buff_interval=10s, sync_stat_file_interval=300s, thread_stack_size=512 KB, upload_priority=10, if_alias_prefix=, check_file_duplicate=0, file_signature_method=hash, FDHT group count=0, FDHT server count=0, FDHT key_namespace=, FDHT keep_alive=0, HTTP server port=8888, domain name=, use_access_log=0, rotate_access_log=0, access_log_rotate_time=00:00, rotate_error_log=0, error_log_rotate_time=00:00, rotate_access_log_size=0, rotate_error_log_size=0, log_file_keep_days=0, file_sync_skip_invalid_record=0, use_connection_pool=0, g_connection_pool_max_idle_time=3600s
[2019-09-09 17:04:03] INFO - file: storage_param_getter.c, line: 191, use_storage_id=0, id_type_in_filename=ip, storage_ip_changed_auto_adjust=1, store_path=0, reserved_storage_space=10.00%, use_trunk_file=0, slot_min_size=256, slot_max_size=16 MB, trunk_file_size=64 MB, trunk_create_file_advance=0, trunk_create_file_time_base=02:00, trunk_create_file_interval=86400, trunk_create_file_space_threshold=20 GB, trunk_init_check_occupying=0, trunk_init_reload_from_binlog=0, trunk_compress_binlog_min_interval=0, store_slave_file_use_link=0
[2019-09-09 17:04:03] INFO - file: storage_func.c, line: 257, tracker_client_ip: 192.168.150.20, my_server_id_str: 192.168.150.20, g_server_id_in_filename: 345417920
[2019-09-09 17:04:03] INFO - file: tracker_client_thread.c, line: 310, successfully connect to tracker server 192.168.150.20:22122, as a tracker client, my ip is 192.168.150.20
[2019-09-09 17:04:34] INFO - file: tracker_client_thread.c, line: 1263, tracker server 192.168.150.20:22122, set tracker leader: 192.168.150.20:22122
[2019-09-09 18:19:52] ERROR - file: storage_nio.c, line: 282, client ip: 192.168.150.20, recv timeout, recv offset: 0, expect length: 0
[2019-09-09 18:19:52] ERROR - file: storage_nio.c, line: 282, client ip: 192.168.150.20, recv timeout, recv offset: 0, expect length: 0
[2019-09-09 18:19:52] ERROR - file: storage_nio.c, line: 282, client ip: 192.168.150.20, recv timeout, recv offset: 0, expect length: 0
[2019-09-09 18:19:52] ERROR - file: storage_nio.c, line: 282, client ip: 192.168.150.20, recv timeout, recv offset: 0, expect length: 0
[2019-09-09 18:19:52] ERROR - file: storage_nio.c, line: 282, client ip: 192.168.150.20, recv timeout, recv offset: 0, expect length: 0
[2019-09-09 18:19:52] ERROR - file: storage_nio.c, line: 282, client ip: 192.168.150.20, recv timeout, recv offset: 0, expect length: 0
[2019-09-09 18:19:52] ERROR - file: storage_nio.c, line: 282, client ip: 192.168.150.20, recv timeout, recv offset: 0, expect length: 0
[2019-09-09 18:19:52] ERROR - file: storage_nio.c, line: 282, client ip: 192.168.150.20, recv timeout, recv offset: 0, expect length: 0
[2019-09-09 18:29:01] ERROR - file: storage_nio.c, line: 282, client ip: 192.168.150.20, recv timeout, recv offset: 0, expect length: 0
[2019-09-09 18:29:01] ERROR - file: storage_nio.c, line: 282, client ip: 192.168.150.20, recv timeout, recv offset: 0, expect length: 0
[2019-09-09 18:29:01] ERROR - file: storage_nio.c, line: 282, client ip: 192.168.150.20, recv timeout, recv offset: 0, expect length: 0
[2019-09-09 18:29:01] ERROR - file: storage_nio.c, line: 282, client ip: 192.168.150.20, recv timeout, recv offset: 0, expect length: 0
[2019-09-09 18:29:01] ERROR - file: storage_nio.c, line: 282, client ip: 192.168.150.20, recv timeout, recv offset: 0, expect length: 0
[2019-09-09 18:29:01] ERROR - file: storage_nio.c, line: 282, client ip: 192.168.150.20, recv timeout, recv offset: 0, expect length: 0
[2019-09-09 18:29:01] ERROR - file: storage_nio.c, line: 282, client ip: 192.168.150.20, recv timeout, recv offset: 0, expect length: 0
[2019-09-09 18:29:01] ERROR - file: storage_nio.c, line: 282, client ip: 192.168.150.20, recv timeout, recv offset: 0, expect length: 0
[2019-09-09 18:50:03] ERROR - file: tracker_client_thread.c, line: 1148, tracker server 192.168.150.20:22122, recv data fail, errno: 107, error info: Transport endpoint is not connected.
[2019-09-09 18:50:04] CRIT - file: fdfs_storaged.c, line: 474, catch signal 15, program exiting...
[2019-09-09 18:50:04] INFO - exit normally.

[2019-09-09 18:50:05] INFO - FastDFS v5.10, base_path=/home/roger/go/src/MicroIhome/fastdfs/storage, store_path_count=1, subdir_count_per_path=256, group_name=group1, run_by_group=, run_by_user=, connect_timeout=30s, network_timeout=60s, port=23000, bind_addr=192.168.150.20, client_bind=1, max_connections=256, accept_threads=1, work_threads=4, disk_rw_separated=1, disk_reader_threads=1, disk_writer_threads=1, buff_size=256KB, heart_beat_interval=30s, stat_report_interval=60s, tracker_server_count=1, sync_wait_msec=50ms, sync_interval=0ms, sync_start_time=00:00, sync_end_time=23:59, write_mark_file_freq=500, allow_ip_count=-1, file_distribute_path_mode=0, file_distribute_rotate_count=100, fsync_after_written_bytes=0, sync_log_buff_interval=10s, sync_binlog_buff_interval=10s, sync_stat_file_interval=300s, thread_stack_size=512 KB, upload_priority=10, if_alias_prefix=, check_file_duplicate=0, file_signature_method=hash, FDHT group count=0, FDHT server count=0, FDHT key_namespace=, FDHT keep_alive=0, HTTP server port=8888, domain name=, use_access_log=0, rotate_access_log=0, access_log_rotate_time=00:00, rotate_error_log=0, error_log_rotate_time=00:00, rotate_access_log_size=0, rotate_error_log_size=0, log_file_keep_days=0, file_sync_skip_invalid_record=0, use_connection_pool=0, g_connection_pool_max_idle_time=3600s
[2019-09-09 18:50:05] INFO - file: storage_param_getter.c, line: 191, use_storage_id=0, id_type_in_filename=ip, storage_ip_changed_auto_adjust=1, store_path=0, reserved_storage_space=10.00%, use_trunk_file=0, slot_min_size=256, slot_max_size=16 MB, trunk_file_size=64 MB, trunk_create_file_advance=0, trunk_create_file_time_base=02:00, trunk_create_file_interval=86400, trunk_create_file_space_threshold=20 GB, trunk_init_check_occupying=0, trunk_init_reload_from_binlog=0, trunk_compress_binlog_min_interval=0, store_slave_file_use_link=0
[2019-09-09 18:50:05] INFO - file: storage_func.c, line: 257, tracker_client_ip: 192.168.150.20, my_server_id_str: 192.168.150.20, g_server_id_in_filename: 345417920
[2019-09-09 18:50:05] INFO - file: tracker_client_thread.c, line: 310, successfully connect to tracker server 192.168.150.20:22122, as a tracker client, my ip is 192.168.150.20
[2019-09-09 18:50:35] INFO - file: tracker_client_thread.c, line: 1263, tracker server 192.168.150.20:22122, set tracker leader: 192.168.150.20:22122
[2019-09-09 18:55:55] CRIT - file: fdfs_storaged.c, line: 474, catch signal 15, program exiting...
[2019-09-09 18:55:56] INFO - exit normally.

[2019-09-09 18:55:57] INFO - FastDFS v5.10, base_path=/home/roger/go/src/MicroIhome/fastdfs/storage, store_path_count=1, subdir_count_per_path=256, group_name=group1, run_by_group=, run_by_user=, connect_timeout=30s, network_timeout=60s, port=23000, bind_addr=192.168.150.20, client_bind=1, max_connections=256, accept_threads=1, work_threads=4, disk_rw_separated=1, disk_reader_threads=1, disk_writer_threads=1, buff_size=256KB, heart_beat_interval=30s, stat_report_interval=60s, tracker_server_count=1, sync_wait_msec=50ms, sync_interval=0ms, sync_start_time=00:00, sync_end_time=23:59, write_mark_file_freq=500, allow_ip_count=-1, file_distribute_path_mode=0, file_distribute_rotate_count=100, fsync_after_written_bytes=0, sync_log_buff_interval=10s, sync_binlog_buff_interval=10s, sync_stat_file_interval=300s, thread_stack_size=512 KB, upload_priority=10, if_alias_prefix=, check_file_duplicate=0, file_signature_method=hash, FDHT group count=0, FDHT server count=0, FDHT key_namespace=, FDHT keep_alive=0, HTTP server port=8888, domain name=, use_access_log=0, rotate_access_log=0, access_log_rotate_time=00:00, rotate_error_log=0, error_log_rotate_time=00:00, rotate_access_log_size=0, rotate_error_log_size=0, log_file_keep_days=0, file_sync_skip_invalid_record=0, use_connection_pool=0, g_connection_pool_max_idle_time=3600s
[2019-09-09 18:55:57] INFO - file: storage_param_getter.c, line: 191, use_storage_id=0, id_type_in_filename=ip, storage_ip_changed_auto_adjust=1, store_path=0, reserved_storage_space=10.00%, use_trunk_file=0, slot_min_size=256, slot_max_size=16 MB, trunk_file_size=64 MB, trunk_create_file_advance=0, trunk_create_file_time_base=02:00, trunk_create_file_interval=86400, trunk_create_file_space_threshold=20 GB, trunk_init_check_occupying=0, trunk_init_reload_from_binlog=0, trunk_compress_binlog_min_interval=0, store_slave_file_use_link=0
[2019-09-09 18:55:57] INFO - file: storage_func.c, line: 257, tracker_client_ip: 192.168.150.20, my_server_id_str: 192.168.150.20, g_server_id_in_filename: 345417920
[2019-09-09 18:55:57] INFO - file: tracker_client_thread.c, line: 310, successfully connect to tracker server 192.168.150.20:22122, as a tracker client, my ip is 192.168.150.20
[2019-09-09 18:56:28] INFO - file: tracker_client_thread.c, line: 1263, tracker server 192.168.150.20:22122, set tracker leader: 192.168.150.20:22122
[2019-09-11 14:34:47] INFO - FastDFS v5.10, base_path=/home/roger/go/src/MicroIhome/fastdfs/storage, store_path_count=1, subdir_count_per_path=256, group_name=group1, run_by_group=, run_by_user=, connect_timeout=30s, network_timeout=60s, port=23000, bind_addr=192.168.150.20, client_bind=1, max_connections=256, accept_threads=1, work_threads=4, disk_rw_separated=1, disk_reader_threads=1, disk_writer_threads=1, buff_size=256KB, heart_beat_interval=30s, stat_report_interval=60s, tracker_server_count=1, sync_wait_msec=50ms, sync_interval=0ms, sync_start_time=00:00, sync_end_time=23:59, write_mark_file_freq=500, allow_ip_count=-1, file_distribute_path_mode=0, file_distribute_rotate_count=100, fsync_after_written_bytes=0, sync_log_buff_interval=10s, sync_binlog_buff_interval=10s, sync_stat_file_interval=300s, thread_stack_size=512 KB, upload_priority=10, if_alias_prefix=, check_file_duplicate=0, file_signature_method=hash, FDHT group count=0, FDHT server count=0, FDHT key_namespace=, FDHT keep_alive=0, HTTP server port=8888, domain name=, use_access_log=0, rotate_access_log=0, access_log_rotate_time=00:00, rotate_error_log=0, error_log_rotate_time=00:00, rotate_access_log_size=0, rotate_error_log_size=0, log_file_keep_days=0, file_sync_skip_invalid_record=0, use_connection_pool=0, g_connection_pool_max_idle_time=3600s
[2019-09-11 14:34:47] INFO - file: storage_param_getter.c, line: 191, use_storage_id=0, id_type_in_filename=ip, storage_ip_changed_auto_adjust=1, store_path=0, reserved_storage_space=10.00%, use_trunk_file=0, slot_min_size=256, slot_max_size=16 MB, trunk_file_size=64 MB, trunk_create_file_advance=0, trunk_create_file_time_base=02:00, trunk_create_file_interval=86400, trunk_create_file_space_threshold=20 GB, trunk_init_check_occupying=0, trunk_init_reload_from_binlog=0, trunk_compress_binlog_min_interval=0, store_slave_file_use_link=0
[2019-09-11 14:34:47] INFO - file: storage_func.c, line: 257, tracker_client_ip: 192.168.150.20, my_server_id_str: 192.168.150.20, g_server_id_in_filename: 345417920
[2019-09-11 14:34:47] INFO - file: tracker_client_thread.c, line: 310, successfully connect to tracker server 192.168.150.20:22122, as a tracker client, my ip is 192.168.150.20
[2019-09-11 14:35:17] INFO - file: tracker_client_thread.c, line: 1263, tracker server 192.168.150.20:22122, set tracker leader: 192.168.150.20:22122
[2019-09-11 14:35:25] CRIT - file: fdfs_storaged.c, line: 474, catch signal 15, program exiting...
[2019-09-11 14:35:25] INFO - exit normally.

[2019-09-11 14:35:26] INFO - FastDFS v5.10, base_path=/home/roger/go/src/MicroIhome/fastdfs/storage, store_path_count=1, subdir_count_per_path=256, group_name=group1, run_by_group=, run_by_user=, connect_timeout=30s, network_timeout=60s, port=23000, bind_addr=192.168.150.20, client_bind=1, max_connections=256, accept_threads=1, work_threads=4, disk_rw_separated=1, disk_reader_threads=1, disk_writer_threads=1, buff_size=256KB, heart_beat_interval=30s, stat_report_interval=60s, tracker_server_count=1, sync_wait_msec=50ms, sync_interval=0ms, sync_start_time=00:00, sync_end_time=23:59, write_mark_file_freq=500, allow_ip_count=-1, file_distribute_path_mode=0, file_distribute_rotate_count=100, fsync_after_written_bytes=0, sync_log_buff_interval=10s, sync_binlog_buff_interval=10s, sync_stat_file_interval=300s, thread_stack_size=512 KB, upload_priority=10, if_alias_prefix=, check_file_duplicate=0, file_signature_method=hash, FDHT group count=0, FDHT server count=0, FDHT key_namespace=, FDHT keep_alive=0, HTTP server port=8888, domain name=, use_access_log=0, rotate_access_log=0, access_log_rotate_time=00:00, rotate_error_log=0, error_log_rotate_time=00:00, rotate_access_log_size=0, rotate_error_log_size=0, log_file_keep_days=0, file_sync_skip_invalid_record=0, use_connection_pool=0, g_connection_pool_max_idle_time=3600s
[2019-09-11 14:35:26] INFO - file: storage_param_getter.c, line: 191, use_storage_id=0, id_type_in_filename=ip, storage_ip_changed_auto_adjust=1, store_path=0, reserved_storage_space=10.00%, use_trunk_file=0, slot_min_size=256, slot_max_size=16 MB, trunk_file_size=64 MB, trunk_create_file_advance=0, trunk_create_file_time_base=02:00, trunk_create_file_interval=86400, trunk_create_file_space_threshold=20 GB, trunk_init_check_occupying=0, trunk_init_reload_from_binlog=0, trunk_compress_binlog_min_interval=0, store_slave_file_use_link=0
[2019-09-11 14:35:26] INFO - file: storage_func.c, line: 257, tracker_client_ip: 192.168.150.20, my_server_id_str: 192.168.150.20, g_server_id_in_filename: 345417920
[2019-09-11 14:35:26] INFO - file: tracker_client_thread.c, line: 310, successfully connect to tracker server 192.168.150.20:22122, as a tracker client, my ip is 192.168.150.20
[2019-09-11 14:35:57] INFO - file: tracker_client_thread.c, line: 1263, tracker server 192.168.150.20:22122, set tracker leader: 192.168.150.20:22122
[2019-09-11 14:40:35] ERROR - file: storage_nio.c, line: 282, client ip: 192.168.150.20, recv timeout, recv offset: 0, expect length: 0
[2019-09-11 14:40:35] ERROR - file: storage_nio.c, line: 282, client ip: 192.168.150.20, recv timeout, recv offset: 0, expect length: 0
[2019-09-11 14:40:35] ERROR - file: storage_nio.c, line: 282, client ip: 192.168.150.20, recv timeout, recv offset: 0, expect length: 0
[2019-09-11 14:40:35] ERROR - file: storage_nio.c, line: 282, client ip: 192.168.150.20, recv timeout, recv offset: 0, expect length: 0
[2019-09-11 14:40:35] ERROR - file: storage_nio.c, line: 282, client ip: 192.168.150.20, recv timeout, recv offset: 0, expect length: 0
[2019-09-11 14:40:35] ERROR - file: storage_nio.c, line: 282, client ip: 192.168.150.20, recv timeout, recv offset: 0, expect length: 0
[2019-09-11 14:40:35] ERROR - file: storage_nio.c, line: 282, client ip: 192.168.150.20, recv timeout, recv offset: 0, expect length: 0
[2019-09-11 16:40:59] ERROR - file: storage_nio.c, line: 282, client ip: 192.168.150.20, recv timeout, recv offset: 0, expect length: 0
[2019-09-11 16:40:59] ERROR - file: storage_nio.c, line: 282, client ip: 192.168.150.20, recv timeout, recv offset: 0, expect length: 0
[2019-09-11 16:40:59] ERROR - file: storage_nio.c, line: 282, client ip: 192.168.150.20, recv timeout, recv offset: 0, expect length: 0
[2019-09-11 16:40:59] ERROR - file: storage_nio.c, line: 282, client ip: 192.168.150.20, recv timeout, recv offset: 0, expect length: 0
[2019-09-11 16:40:59] ERROR - file: storage_nio.c, line: 282, client ip: 192.168.150.20, recv timeout, recv offset: 0, expect length: 0
[2019-09-11 16:40:59] ERROR - file: storage_nio.c, line: 282, client ip: 192.168.150.20, recv timeout, recv offset: 0, expect length: 0
[2019-09-11 16:40:59] ERROR - file: storage_nio.c, line: 282, client ip: 192.168.150.20, recv timeout, recv offset: 0, expect length: 0
[2019-09-11 16:40:59] ERROR - file: storage_nio.c, line: 282, client ip: 192.168.150.20, recv timeout, recv offset: 0, expect length: 0
[2019-09-11 16:40:59] ERROR - file: storage_nio.c, line: 282, client ip: 192.168.150.20, recv timeout, recv offset: 0, expect length: 0
[2019-09-11 18:46:20] CRIT - file: fdfs_storaged.c, line: 474, catch signal 15, program exiting...
[2019-09-11 18:46:21] INFO - exit normally.

[2019-09-11 18:46:22] INFO - FastDFS v5.10, base_path=/home/roger/go/src/MicroIhome/fastdfs/storage, store_path_count=1, subdir_count_per_path=256, group_name=group1, run_by_group=, run_by_user=, connect_timeout=30s, network_timeout=60s, port=23000, bind_addr=192.168.150.20, client_bind=1, max_connections=256, accept_threads=1, work_threads=4, disk_rw_separated=1, disk_reader_threads=1, disk_writer_threads=1, buff_size=256KB, heart_beat_interval=30s, stat_report_interval=60s, tracker_server_count=1, sync_wait_msec=50ms, sync_interval=0ms, sync_start_time=00:00, sync_end_time=23:59, write_mark_file_freq=500, allow_ip_count=-1, file_distribute_path_mode=0, file_distribute_rotate_count=100, fsync_after_written_bytes=0, sync_log_buff_interval=10s, sync_binlog_buff_interval=10s, sync_stat_file_interval=300s, thread_stack_size=512 KB, upload_priority=10, if_alias_prefix=, check_file_duplicate=0, file_signature_method=hash, FDHT group count=0, FDHT server count=0, FDHT key_namespace=, FDHT keep_alive=0, HTTP server port=8888, domain name=, use_access_log=0, rotate_access_log=0, access_log_rotate_time=00:00, rotate_error_log=0, error_log_rotate_time=00:00, rotate_access_log_size=0, rotate_error_log_size=0, log_file_keep_days=0, file_sync_skip_invalid_record=0, use_connection_pool=0, g_connection_pool_max_idle_time=3600s
[2019-09-11 18:46:22] INFO - file: storage_param_getter.c, line: 191, use_storage_id=0, id_type_in_filename=ip, storage_ip_changed_auto_adjust=1, store_path=0, reserved_storage_space=10.00%, use_trunk_file=0, slot_min_size=256, slot_max_size=16 MB, trunk_file_size=64 MB, trunk_create_file_advance=0, trunk_create_file_time_base=02:00, trunk_create_file_interval=86400, trunk_create_file_space_threshold=20 GB, trunk_init_check_occupying=0, trunk_init_reload_from_binlog=0, trunk_compress_binlog_min_interval=0, store_slave_file_use_link=0
[2019-09-11 18:46:22] INFO - file: storage_func.c, line: 257, tracker_client_ip: 192.168.150.20, my_server_id_str: 192.168.150.20, g_server_id_in_filename: 345417920
[2019-09-11 18:46:22] INFO - file: tracker_client_thread.c, line: 310, successfully connect to tracker server 192.168.150.20:22122, as a tracker client, my ip is 192.168.150.20
[2019-09-11 18:46:52] INFO - file: tracker_client_thread.c, line: 1263, tracker server 192.168.150.20:22122, set tracker leader: 192.168.150.20:22122
[2019-09-11 19:04:13] INFO - FastDFS v5.10, base_path=/home/roger/go/src/MicroIhome/fastdfs/storage, store_path_count=1, subdir_count_per_path=256, group_name=group1, run_by_group=, run_by_user=, connect_timeout=30s, network_timeout=60s, port=23000, bind_addr=192.168.150.20, client_bind=1, max_connections=256, accept_threads=1, work_threads=4, disk_rw_separated=1, disk_reader_threads=1, disk_writer_threads=1, buff_size=256KB, heart_beat_interval=30s, stat_report_interval=60s, tracker_server_count=1, sync_wait_msec=50ms, sync_interval=0ms, sync_start_time=00:00, sync_end_time=23:59, write_mark_file_freq=500, allow_ip_count=-1, file_distribute_path_mode=0, file_distribute_rotate_count=100, fsync_after_written_bytes=0, sync_log_buff_interval=10s, sync_binlog_buff_interval=10s, sync_stat_file_interval=300s, thread_stack_size=512 KB, upload_priority=10, if_alias_prefix=, check_file_duplicate=0, file_signature_method=hash, FDHT group count=0, FDHT server count=0, FDHT key_namespace=, FDHT keep_alive=0, HTTP server port=8888, domain name=, use_access_log=0, rotate_access_log=0, access_log_rotate_time=00:00, rotate_error_log=0, error_log_rotate_time=00:00, rotate_access_log_size=0, rotate_error_log_size=0, log_file_keep_days=0, file_sync_skip_invalid_record=0, use_connection_pool=0, g_connection_pool_max_idle_time=3600s
[2019-09-11 19:04:13] INFO - file: storage_param_getter.c, line: 191, use_storage_id=0, id_type_in_filename=ip, storage_ip_changed_auto_adjust=1, store_path=0, reserved_storage_space=10.00%, use_trunk_file=0, slot_min_size=256, slot_max_size=16 MB, trunk_file_size=64 MB, trunk_create_file_advance=0, trunk_create_file_time_base=02:00, trunk_create_file_interval=86400, trunk_create_file_space_threshold=20 GB, trunk_init_check_occupying=0, trunk_init_reload_from_binlog=0, trunk_compress_binlog_min_interval=0, store_slave_file_use_link=0
[2019-09-11 19:04:13] INFO - file: storage_func.c, line: 257, tracker_client_ip: 192.168.150.20, my_server_id_str: 192.168.150.20, g_server_id_in_filename: 345417920
[2019-09-11 19:04:13] INFO - file: tracker_client_thread.c, line: 310, successfully connect to tracker server 192.168.150.20:22122, as a tracker client, my ip is 192.168.150.20
[2019-09-11 19:04:43] INFO - file: tracker_client_thread.c, line: 1263, tracker server 192.168.150.20:22122, set tracker leader: 192.168.150.20:22122
[2019-09-11 19:13:49] ERROR - file: storage_nio.c, line: 282, client ip: 192.168.150.20, recv timeout, recv offset: 0, expect length: 0
[2019-09-11 19:13:49] ERROR - file: storage_nio.c, line: 282, client ip: 192.168.150.20, recv timeout, recv offset: 0, expect length: 0
[2019-09-11 19:13:49] ERROR - file: storage_nio.c, line: 282, client ip: 192.168.150.20, recv timeout, recv offset: 0, expect length: 0
[2019-09-11 19:13:49] ERROR - file: storage_nio.c, line: 282, client ip: 192.168.150.20, recv timeout, recv offset: 0, expect length: 0
[2019-09-11 19:13:49] ERROR - file: storage_nio.c, line: 282, client ip: 192.168.150.20, recv timeout, recv offset: 0, expect length: 0
[2019-09-11 19:13:49] ERROR - file: storage_nio.c, line: 282, client ip: 192.168.150.20, recv timeout, recv offset: 0, expect length: 0
[2019-09-11 19:13:49] ERROR - file: storage_nio.c, line: 282, client ip: 192.168.150.20, recv timeout, recv offset: 0, expect length: 0
[2019-09-11 19:13:49] ERROR - file: storage_nio.c, line: 282, client ip: 192.168.150.20, recv timeout, recv offset: 0, expect length: 0
[2019-09-11 19:13:49] ERROR - file: storage_nio.c, line: 282, client ip: 192.168.150.20, recv timeout, recv offset: 0, expect length: 0
[2019-09-11 19:59:55] ERROR - file: storage_nio.c, line: 282, client ip: 192.168.150.20, recv timeout, recv offset: 0, expect length: 0
[2019-09-11 19:59:55] ERROR - file: storage_nio.c, line: 282, client ip: 192.168.150.20, recv timeout, recv offset: 0, expect length: 0
[2019-09-11 19:59:55] ERROR - file: storage_nio.c, line: 282, client ip: 192.168.150.20, recv timeout, recv offset: 0, expect length: 0
[2019-09-11 19:59:55] ERROR - file: storage_nio.c, line: 282, client ip: 192.168.150.20, recv timeout, recv offset: 0, expect length: 0
[2019-09-11 19:59:55] ERROR - file: storage_nio.c, line: 282, client ip: 192.168.150.20, recv timeout, recv offset: 0, expect length: 0
[2019-09-11 19:59:55] ERROR - file: storage_nio.c, line: 282, client ip: 192.168.150.20, recv timeout, recv offset: 0, expect length: 0
[2019-09-11 19:59:55] ERROR - file: storage_nio.c, line: 282, client ip: 192.168.150.20, recv timeout, recv offset: 0, expect length: 0
[2019-09-11 19:59:55] ERROR - file: storage_nio.c, line: 282, client ip: 192.168.150.20, recv timeout, recv offset: 0, expect length: 0
[2019-09-11 19:59:55] ERROR - file: storage_nio.c, line: 282, client ip: 192.168.150.20, recv timeout, recv offset: 0, expect length: 0
[2019-09-11 20:36:16] CRIT - file: fdfs_storaged.c, line: 474, catch signal 15, program exiting...
[2019-09-11 20:36:16] INFO - file: fdfs_storaged.c, line: 526, catch signal 1, rotate log
[2019-09-11 20:36:18] INFO - exit normally.

[2019-09-11 23:34:25] INFO - FastDFS v5.10, base_path=/home/roger/go/src/MicroIhome/fastdfs/storage, store_path_count=1, subdir_count_per_path=256, group_name=group1, run_by_group=, run_by_user=, connect_timeout=30s, network_timeout=60s, port=23000, bind_addr=192.168.150.20, client_bind=1, max_connections=256, accept_threads=1, work_threads=4, disk_rw_separated=1, disk_reader_threads=1, disk_writer_threads=1, buff_size=256KB, heart_beat_interval=30s, stat_report_interval=60s, tracker_server_count=1, sync_wait_msec=50ms, sync_interval=0ms, sync_start_time=00:00, sync_end_time=23:59, write_mark_file_freq=500, allow_ip_count=-1, file_distribute_path_mode=0, file_distribute_rotate_count=100, fsync_after_written_bytes=0, sync_log_buff_interval=10s, sync_binlog_buff_interval=10s, sync_stat_file_interval=300s, thread_stack_size=512 KB, upload_priority=10, if_alias_prefix=, check_file_duplicate=0, file_signature_method=hash, FDHT group count=0, FDHT server count=0, FDHT key_namespace=, FDHT keep_alive=0, HTTP server port=8888, domain name=, use_access_log=0, rotate_access_log=0, access_log_rotate_time=00:00, rotate_error_log=0, error_log_rotate_time=00:00, rotate_access_log_size=0, rotate_error_log_size=0, log_file_keep_days=0, file_sync_skip_invalid_record=0, use_connection_pool=0, g_connection_pool_max_idle_time=3600s
[2019-09-11 23:34:25] INFO - file: storage_param_getter.c, line: 191, use_storage_id=0, id_type_in_filename=ip, storage_ip_changed_auto_adjust=1, store_path=0, reserved_storage_space=10.00%, use_trunk_file=0, slot_min_size=256, slot_max_size=16 MB, trunk_file_size=64 MB, trunk_create_file_advance=0, trunk_create_file_time_base=02:00, trunk_create_file_interval=86400, trunk_create_file_space_threshold=20 GB, trunk_init_check_occupying=0, trunk_init_reload_from_binlog=0, trunk_compress_binlog_min_interval=0, store_slave_file_use_link=0
[2019-09-11 23:34:25] INFO - file: storage_func.c, line: 257, tracker_client_ip: 192.168.150.20, my_server_id_str: 192.168.150.20, g_server_id_in_filename: 345417920
[2019-09-11 23:34:25] INFO - file: tracker_client_thread.c, line: 310, successfully connect to tracker server 192.168.150.20:22122, as a tracker client, my ip is 192.168.150.20
[2019-09-11 23:34:55] INFO - file: tracker_client_thread.c, line: 1263, tracker server 192.168.150.20:22122, set tracker leader: 192.168.150.20:22122
[2019-09-11 23:47:03] ERROR - file: storage_nio.c, line: 282, client ip: 192.168.150.20, recv timeout, recv offset: 0, expect length: 0
[2019-09-11 23:47:03] ERROR - file: storage_nio.c, line: 282, client ip: 192.168.150.20, recv timeout, recv offset: 0, expect length: 0
[2019-09-11 23:47:03] ERROR - file: storage_nio.c, line: 282, client ip: 192.168.150.20, recv timeout, recv offset: 0, expect length: 0
[2019-09-11 23:47:03] ERROR - file: storage_nio.c, line: 282, client ip: 192.168.150.20, recv timeout, recv offset: 0, expect length: 0
[2019-09-11 23:47:03] ERROR - file: storage_nio.c, line: 282, client ip: 192.168.150.20, recv timeout, recv offset: 0, expect length: 0
[2019-09-11 23:47:03] ERROR - file: storage_nio.c, line: 282, client ip: 192.168.150.20, recv timeout, recv offset: 0, expect length: 0
[2019-09-11 23:47:03] ERROR - file: storage_nio.c, line: 282, client ip: 192.168.150.20, recv timeout, recv offset: 0, expect length: 0
[2019-09-11 23:47:03] ERROR - file: storage_nio.c, line: 282, client ip: 192.168.150.20, recv timeout, recv offset: 0, expect length: 0
[2019-09-11 23:47:03] ERROR - file: storage_nio.c, line: 282, client ip: 192.168.150.20, recv timeout, recv offset: 0, expect length: 0
